2026-04-03 01:09:26,068 | DEBUG | cspe.smoke | {"event": "smoke_test", "status": "ok"}
2026-04-03 01:10:29,229 | DEBUG | cspe.app | {"event": "app_imported", "log_file": "C:\\Users\\LEGION\\Desktop\\CSPE\\logs\\cspe_debug.log"}
2026-04-03 01:10:29,241 | DEBUG | cspe.app | {"bundle_path": "data\\derived\\routing\\graph_bundle.pkl", "event": "load_bundle_called", "project_root": ".", "stop_popup_index_path": "data\\derived\\stops\\stop_popup_index.parquet"}
2026-04-03 01:10:39,490 | DEBUG | cspe.app | {"current_path_length": 0, "event": "ui_state", "mode": "metro", "poi_limit": 25, "poi_radius_m": 300, "use_lcc": true, "viz_mode": "Geographic Mapbox"}
2026-04-03 01:10:39,509 | DEBUG | cspe.app | {"env_name": "MAPBOX_TOKEN", "event": "mapbox_token_found"}
2026-04-03 01:10:39,510 | DEBUG | cspe.app | {"event": "line_geometries_loading", "path": "data\\derived\\maps"}
2026-04-03 01:10:39,512 | DEBUG | cspe.app | {"event": "render_graph_loading", "mode": "all", "path": "data\\derived\\render_graphs\\all.render_graph.json"}
2026-04-03 01:10:39,513 | DEBUG | cspe.app | {"event": "render_graph_loading", "mode": "bus", "path": "data\\derived\\render_graphs\\bus.render_graph.json"}
2026-04-03 01:10:39,513 | DEBUG | cspe.app | {"event": "render_graph_loading", "mode": "metro", "path": "data\\derived\\render_graphs\\metro.render_graph.json"}
2026-04-03 01:10:39,514 | DEBUG | cspe.app | {"event": "render_graph_loading", "mode": "rail", "path": "data\\derived\\render_graphs\\rail.render_graph.json"}
2026-04-03 01:10:39,514 | DEBUG | cspe.app | {"event": "render_graph_loading", "mode": "tram", "path": "data\\derived\\render_graphs\\tram.render_graph.json"}
2026-04-03 01:10:39,516 | DEBUG | cspe.app | {"data_path": "data\\normalized\\poi\\poi.parquet", "event": "poi_lookup_loading", "npz_path": "data\\derived\\indexes\\poi_balltree.npz", "tree_path": "data\\derived\\indexes\\poi_balltree.pkl"}
2026-04-03 01:10:39,518 | DEBUG | cspe.app | {"edge_count": 37, "event": "render_mapbox_start", "has_line_geometries": true, "mode": "metro", "node_count": 38, "poi_lookup_loaded": true, "render_graph_modes": "all|bus|metro|rail|tram", "use_lcc": true, "viz_mode": "Geographic Mapbox"}
2026-04-03 01:10:55,817 | DEBUG | cspe.app | {"event": "app_imported", "log_file": "C:\\Users\\LEGION\\Desktop\\CSPE\\logs\\cspe_debug.log"}
2026-04-03 01:10:55,829 | DEBUG | cspe.app | {"current_path_length": 0, "event": "ui_state", "mode": "metro", "poi_limit": 25, "poi_radius_m": 300, "use_lcc": false, "viz_mode": "Geographic Mapbox"}
2026-04-03 01:10:55,835 | DEBUG | cspe.app | {"env_name": "MAPBOX_TOKEN", "event": "mapbox_token_found"}
2026-04-03 01:10:55,837 | DEBUG | cspe.app | {"edge_count": 776, "event": "render_mapbox_start", "has_line_geometries": true, "mode": "metro", "node_count": 804, "poi_lookup_loaded": true, "render_graph_modes": "all|bus|metro|rail|tram", "use_lcc": false, "viz_mode": "Geographic Mapbox"}
2026-04-03 01:11:31,850 | DEBUG | cspe.app | {"event": "app_imported", "log_file": "C:\\Users\\LEGION\\Desktop\\CSPE\\logs\\cspe_debug.log"}
2026-04-03 01:11:31,875 | DEBUG | cspe.app | {"current_path_length": 0, "event": "ui_state", "mode": "metro", "poi_limit": 25, "poi_radius_m": 300, "use_lcc": false, "viz_mode": "3D network"}
2026-04-03 01:11:31,884 | DEBUG | cspe.app | {"env_name": "MAPBOX_TOKEN", "event": "mapbox_token_found"}
2026-04-03 01:11:31,889 | DEBUG | cspe.app | {"edge_count": 776, "event": "render_3d_start", "has_line_geometries": true, "mode": "metro", "node_count": 804, "poi_lookup_loaded": true, "render_graph_modes": "all|bus|metro|rail|tram", "use_lcc": false, "viz_mode": "3D network"}
2026-04-03 01:11:45,395 | DEBUG | cspe.app | {"event": "app_imported", "log_file": "C:\\Users\\LEGION\\Desktop\\CSPE\\logs\\cspe_debug.log"}
2026-04-03 01:11:45,406 | DEBUG | cspe.app | {"current_path_length": 0, "event": "ui_state", "mode": "bus", "poi_limit": 25, "poi_radius_m": 300, "use_lcc": false, "viz_mode": "3D network"}
2026-04-03 01:11:45,410 | DEBUG | cspe.app | {"env_name": "MAPBOX_TOKEN", "event": "mapbox_token_found"}
2026-04-03 01:11:45,445 | DEBUG | cspe.app | {"edge_count": 50259, "event": "render_3d_start", "has_line_geometries": true, "mode": "bus", "node_count": 33912, "poi_lookup_loaded": true, "render_graph_modes": "all|bus|metro|rail|tram", "use_lcc": false, "viz_mode": "3D network"}
2026-04-03 01:12:47,167 | DEBUG | cspe.app | {"event": "app_imported", "log_file": "C:\\Users\\LEGION\\Desktop\\CSPE\\logs\\cspe_debug.log"}
2026-04-03 01:12:47,186 | DEBUG | cspe.app | {"current_path_length": 0, "event": "ui_state", "mode": "metro", "poi_limit": 25, "poi_radius_m": 300, "use_lcc": true, "viz_mode": "Geographic Mapbox"}
2026-04-03 01:12:47,199 | DEBUG | cspe.app | {"env_name": "MAPBOX_TOKEN", "event": "mapbox_token_found"}
2026-04-03 01:12:47,199 | DEBUG | cspe.app | {"edge_count": 37, "event": "render_mapbox_start", "has_line_geometries": true, "mode": "metro", "node_count": 38, "poi_lookup_loaded": true, "render_graph_modes": "all|bus|metro|rail|tram", "use_lcc": true, "viz_mode": "Geographic Mapbox"}
2026-04-03 01:13:19,060 | DEBUG | cspe.app | {"event": "app_imported", "log_file": "C:\\Users\\LEGION\\Desktop\\CSPE\\logs\\cspe_debug.log"}
2026-04-03 01:13:19,070 | DEBUG | cspe.app | {"current_path_length": 0, "event": "ui_state", "mode": "bus", "poi_limit": 25, "poi_radius_m": 300, "use_lcc": true, "viz_mode": "Geographic Mapbox"}
2026-04-03 01:13:19,077 | DEBUG | cspe.app | {"env_name": "MAPBOX_TOKEN", "event": "mapbox_token_found"}
2026-04-03 01:13:19,110 | DEBUG | cspe.app | {"edge_count": 50092, "event": "render_mapbox_start", "has_line_geometries": true, "mode": "bus", "node_count": 33765, "poi_lookup_loaded": true, "render_graph_modes": "all|bus|metro|rail|tram", "use_lcc": true, "viz_mode": "Geographic Mapbox"}
2026-04-03 01:14:19,830 | DEBUG | cspe.app | {"event": "app_imported", "log_file": "C:\\Users\\LEGION\\Desktop\\CSPE\\logs\\cspe_debug.log"}
2026-04-03 01:14:19,864 | DEBUG | cspe.app | {"current_path_length": 0, "event": "ui_state", "mode": "rail", "poi_limit": 25, "poi_radius_m": 300, "use_lcc": true, "viz_mode": "Geographic Mapbox"}
2026-04-03 01:14:19,879 | DEBUG | cspe.app | {"env_name": "MAPBOX_TOKEN", "event": "mapbox_token_found"}
2026-04-03 01:14:19,882 | DEBUG | cspe.app | {"edge_count": 626, "event": "render_mapbox_start", "has_line_geometries": true, "mode": "rail", "node_count": 540, "poi_lookup_loaded": true, "render_graph_modes": "all|bus|metro|rail|tram", "use_lcc": true, "viz_mode": "Geographic Mapbox"}
2026-04-03 01:16:17,515 | DEBUG | cspe.app | {"event": "app_imported", "log_file": "C:\\Users\\LEGION\\Desktop\\CSPE\\logs\\cspe_debug.log"}
2026-04-03 01:16:17,524 | DEBUG | cspe.app | {"current_path_length": 0, "event": "ui_state", "mode": "rail", "poi_limit": 25, "poi_radius_m": 300, "use_lcc": true, "viz_mode": "Geographic Mapbox"}
2026-04-03 01:16:17,530 | DEBUG | cspe.app | {"env_name": "MAPBOX_TOKEN", "event": "mapbox_token_found"}
2026-04-03 01:16:17,531 | DEBUG | cspe.app | {"edge_count": 626, "event": "render_mapbox_start", "has_line_geometries": true, "mode": "rail", "node_count": 540, "poi_lookup_loaded": true, "render_graph_modes": "all|bus|metro|rail|tram", "use_lcc": true, "viz_mode": "Geographic Mapbox"}
2026-04-03 01:18:18,382 | DEBUG | cspe.app | {"event": "app_imported", "log_file": "C:\\Users\\LEGION\\Desktop\\CSPE\\logs\\cspe_debug.log"}
2026-04-03 01:18:18,397 | DEBUG | cspe.app | {"current_path_length": 0, "event": "ui_state", "mode": "rail", "poi_limit": 25, "poi_radius_m": 300, "use_lcc": true, "viz_mode": "Geographic Mapbox"}
2026-04-03 01:18:18,401 | DEBUG | cspe.app | {"env_name": "MAPBOX_TOKEN", "event": "mapbox_token_found"}
2026-04-03 01:18:18,403 | DEBUG | cspe.app | {"edge_count": 626, "event": "render_mapbox_start", "has_line_geometries": true, "mode": "rail", "node_count": 540, "poi_lookup_loaded": true, "render_graph_modes": "all|bus|metro|rail|tram", "use_lcc": true, "viz_mode": "Geographic Mapbox"}
2026-04-03 01:19:35,210 | DEBUG | cspe.app | {"event": "app_imported", "log_file": "C:\\Users\\LEGION\\Desktop\\CSPE\\logs\\cspe_debug.log"}
2026-04-03 01:19:35,218 | DEBUG | cspe.app | {"current_path_length": 0, "event": "ui_state", "mode": "metro", "poi_limit": 25, "poi_radius_m": 300, "use_lcc": true, "viz_mode": "Geographic Mapbox"}
2026-04-03 01:19:35,224 | DEBUG | cspe.app | {"env_name": "MAPBOX_TOKEN", "event": "mapbox_token_found"}
2026-04-03 01:19:35,226 | DEBUG | cspe.app | {"edge_count": 37, "event": "render_mapbox_start", "has_line_geometries": true, "mode": "metro", "node_count": 38, "poi_lookup_loaded": true, "render_graph_modes": "all|bus|metro|rail|tram", "use_lcc": true, "viz_mode": "Geographic Mapbox"}
2026-04-03 01:25:38,504 | DEBUG | cspe.app | {"event": "app_imported", "log_file": "C:\\Users\\LEGION\\Desktop\\CSPE\\logs\\cspe_debug.log"}
2026-04-03 01:25:38,515 | DEBUG | cspe.app | {"current_path_length": 0, "event": "ui_state", "mode": "metro", "poi_limit": 25, "poi_radius_m": 300, "use_lcc": true, "viz_mode": "Geographic Mapbox"}
2026-04-03 01:25:38,519 | DEBUG | cspe.app | {"env_name": "MAPBOX_TOKEN", "event": "mapbox_token_found"}
2026-04-03 01:25:38,520 | DEBUG | cspe.app | {"edge_count": 37, "event": "render_mapbox_start", "has_line_geometries": true, "mode": "metro", "node_count": 38, "poi_lookup_loaded": true, "render_graph_modes": "all|bus|metro|rail|tram", "use_lcc": true, "viz_mode": "Geographic Mapbox"}
2026-04-03 01:25:46,686 | DEBUG | cspe.app | {"event": "app_imported", "log_file": "C:\\Users\\LEGION\\Desktop\\CSPE\\logs\\cspe_debug.log"}
2026-04-03 01:25:46,693 | DEBUG | cspe.app | {"current_path_length": 0, "event": "ui_state", "mode": "metro", "poi_limit": 25, "poi_radius_m": 300, "use_lcc": true, "viz_mode": "Geographic Mapbox"}
2026-04-03 01:25:46,701 | DEBUG | cspe.app | {"env_name": "MAPBOX_TOKEN", "event": "mapbox_token_found"}
2026-04-03 01:25:46,703 | DEBUG | cspe.app | {"edge_count": 37, "event": "render_mapbox_start", "has_line_geometries": true, "mode": "metro", "node_count": 38, "poi_lookup_loaded": true, "render_graph_modes": "all|bus|metro|rail|tram", "use_lcc": true, "viz_mode": "Geographic Mapbox"}
2026-04-03 01:47:30,270 | DEBUG | cspe.app | {"event": "app_imported", "log_file": "C:\\Users\\LEGION\\Desktop\\CSPE\\logs\\cspe_debug.log"}
2026-04-03 01:47:30,275 | DEBUG | cspe.app | {"current_path_length": 0, "event": "ui_state", "mode": "metro", "poi_limit": 25, "poi_radius_m": 300, "use_lcc": true, "viz_mode": "Geographic Mapbox"}
2026-04-03 01:47:30,277 | DEBUG | cspe.app | {"env_name": "MAPBOX_TOKEN", "event": "mapbox_token_found"}
2026-04-03 01:47:30,277 | DEBUG | cspe.app | {"edge_count": 37, "event": "render_mapbox_start", "has_line_geometries": true, "mode": "metro", "node_count": 38, "poi_lookup_loaded": true, "render_graph_modes": "all|bus|metro|rail|tram", "use_lcc": true, "viz_mode": "Geographic Mapbox"}
2026-04-03 01:48:29,510 | DEBUG | cspe.app | {"event": "app_imported", "log_file": "C:\\Users\\LEGION\\Desktop\\CSPE\\logs\\cspe_debug.log"}
2026-04-03 01:48:30,090 | DEBUG | cspe.app | {"bundle_path": "data\\derived\\routing\\graph_bundle.pkl", "event": "load_bundle_called", "project_root": ".", "stop_popup_index_path": "data\\derived\\stops\\stop_popup_index.parquet"}
2026-04-03 01:48:35,464 | DEBUG | cspe.app | {"current_path_length": 0, "event": "ui_state", "mode": "metro", "poi_limit": 25, "poi_radius_m": 300, "use_lcc": true, "viz_mode": "Geographic Mapbox"}
2026-04-03 01:48:35,466 | DEBUG | cspe.app | {"env_name": "MAPBOX_TOKEN", "event": "mapbox_token_found"}
2026-04-03 01:48:35,467 | DEBUG | cspe.app | {"event": "line_geometries_loading", "path": "data\\derived\\maps"}
2026-04-03 01:48:38,214 | DEBUG | cspe.plot_mapbox | {"by_mode_counts": {"all": 1999, "bus": 1942, "metro": 16, "other": 0, "rail": 24, "tram": 17}, "event": "line_geometries_loaded", "feature_count": 1999, "source": "data\\derived\\maps"}
2026-04-03 01:48:38,300 | DEBUG | cspe.app | {"event": "render_graph_loading", "mode": "all", "path": "data\\derived\\render_graphs\\all.render_graph.json"}
2026-04-03 01:48:38,301 | DEBUG | cspe.plot_mapbox | {"event": "render_graph_loaded", "link_count": 0, "meta": {"link_count": 0, "mode": "all", "node_count": 0, "version": 1}, "node_count": 0, "source": "data\\derived\\render_graphs\\all.render_graph.json"}
2026-04-03 01:48:38,301 | DEBUG | cspe.app | {"event": "render_graph_loading", "mode": "bus", "path": "data\\derived\\render_graphs\\bus.render_graph.json"}
2026-04-03 01:48:38,803 | DEBUG | cspe.plot_mapbox | {"event": "render_graph_loaded", "link_count": 51449, "meta": {"center_lat": 48.80819617898598, "center_lon": 2.3614622392315567, "link_count": 51509, "mode": "bus", "node_count": 33912, "version": 1}, "node_count": 33912, "source": "data\\derived\\render_graphs\\bus.render_graph.json"}
2026-04-03 01:48:38,824 | DEBUG | cspe.app | {"event": "render_graph_loading", "mode": "metro", "path": "data\\derived\\render_graphs\\metro.render_graph.json"}
2026-04-03 01:48:38,833 | DEBUG | cspe.plot_mapbox | {"event": "render_graph_loaded", "link_count": 776, "meta": {"center_lat": 48.85990758970259, "center_lon": 2.346290027841802, "link_count": 776, "mode": "metro", "node_count": 804, "version": 1}, "node_count": 804, "source": "data\\derived\\render_graphs\\metro.render_graph.json"}
2026-04-03 01:48:38,833 | DEBUG | cspe.app | {"event": "render_graph_loading", "mode": "rail", "path": "data\\derived\\render_graphs\\rail.render_graph.json"}
2026-04-03 01:48:38,840 | DEBUG | cspe.plot_mapbox | {"event": "render_graph_loaded", "link_count": 1132, "meta": {"center_lat": 48.790357511114394, "center_lon": 2.3064798618917095, "link_count": 1142, "mode": "rail", "node_count": 544, "version": 1}, "node_count": 538, "source": "data\\derived\\render_graphs\\rail.render_graph.json"}
2026-04-03 01:48:38,840 | DEBUG | cspe.app | {"event": "render_graph_loading", "mode": "tram", "path": "data\\derived\\render_graphs\\tram.render_graph.json"}
2026-04-03 01:48:38,845 | DEBUG | cspe.plot_mapbox | {"event": "render_graph_loaded", "link_count": 569, "meta": {"center_lat": 48.85194773537914, "center_lon": 2.346644900174079, "link_count": 570, "mode": "tram", "node_count": 557, "version": 1}, "node_count": 557, "source": "data\\derived\\render_graphs\\tram.render_graph.json"}
2026-04-03 01:48:38,846 | DEBUG | cspe.app | {"data_path": "data\\normalized\\poi\\poi.parquet", "event": "poi_lookup_loading", "npz_path": "data\\derived\\indexes\\poi_balltree.npz", "tree_path": "data\\derived\\indexes\\poi_balltree.pkl"}
2026-04-03 01:48:39,064 | DEBUG | cspe.app | {"edge_count": 37, "event": "render_mapbox_start", "has_line_geometries": true, "mode": "metro", "node_count": 38, "poi_lookup_loaded": true, "render_graph_modes": "all|bus|metro|rail|tram", "use_lcc": true, "viz_mode": "Geographic Mapbox"}
2026-04-03 01:48:40,258 | DEBUG | cspe.plot_mapbox | {"event": "paris_mask_loaded", "max_bounds": [[2.189122, 48.780575500000005], [2.5047602, 48.937155999999995]], "zoom": 9.5}
2026-04-03 01:48:40,258 | DEBUG | cspe.plot_mapbox | {"center": {"lat": 48.8367861673856, "lon": 2.3544611953156984}, "event": "render_mapbox_payload_built", "graph_edges": 37, "graph_nodes": 38, "has_render_graph": true, "mode": "metro", "network_feature_count": 16, "path_debug": {"segments": [], "summary": {"heuristic_label": 0, "route_id": 0, "straight_fallback": 0}}, "path_feature_count": 0, "pitched_view": false, "poi_category_key": null, "poi_limit": 25, "poi_lookup_loaded": true, "poi_radius_m": 300.0, "render_graph_link_count": 776, "render_graph_node_count": 804, "show_3d_buildings": false, "station_feature_count": 804, "title": "Mode: metro (LCC)", "transfer_feature_count": 0, "zoom": 10.1}
2026-04-03 01:51:35,465 | DEBUG | cspe.app | {"event": "app_imported", "log_file": "C:\\Users\\LEGION\\Desktop\\CSPE\\logs\\cspe_debug.log"}
2026-04-03 01:51:35,470 | DEBUG | cspe.app | {"current_path_length": 0, "event": "ui_state", "mode": "metro", "poi_limit": 25, "poi_radius_m": 300, "use_lcc": true, "viz_mode": "Geographic Mapbox"}
2026-04-03 01:51:35,473 | DEBUG | cspe.app | {"env_name": "MAPBOX_TOKEN", "event": "mapbox_token_found"}
2026-04-03 01:51:35,474 | DEBUG | cspe.app | {"edge_count": 37, "event": "render_mapbox_start", "has_line_geometries": true, "mode": "metro", "node_count": 38, "poi_lookup_loaded": true, "render_graph_modes": "all|bus|metro|rail|tram", "use_lcc": true, "viz_mode": "Geographic Mapbox"}
2026-04-03 01:51:35,725 | DEBUG | cspe.plot_mapbox | {"event": "paris_mask_loaded", "max_bounds": [[2.189122, 48.780575500000005], [2.5047602, 48.937155999999995]], "zoom": 9.5}
2026-04-03 01:51:35,725 | DEBUG | cspe.plot_mapbox | {"center": {"lat": 48.8367861673856, "lon": 2.3544611953156984}, "event": "render_mapbox_payload_built", "graph_edges": 37, "graph_nodes": 38, "has_render_graph": true, "mode": "metro", "network_feature_count": 16, "path_debug": {"segments": [], "summary": {"heuristic_label": 0, "route_id": 0, "straight_fallback": 0}}, "path_feature_count": 0, "pitched_view": false, "poi_category_key": null, "poi_limit": 25, "poi_lookup_loaded": true, "poi_radius_m": 300.0, "render_graph_link_count": 776, "render_graph_node_count": 804, "show_3d_buildings": false, "station_feature_count": 804, "title": "Mode: metro (LCC)", "transfer_feature_count": 0, "zoom": 10.1}
2026-04-03 01:52:45,126 | DEBUG | cspe.app | {"event": "app_imported", "log_file": "C:\\Users\\LEGION\\Desktop\\CSPE\\logs\\cspe_debug.log"}
2026-04-03 01:52:45,132 | DEBUG | cspe.app | {"current_path_length": 0, "event": "ui_state", "mode": "metro", "poi_limit": 25, "poi_radius_m": 300, "use_lcc": true, "viz_mode": "3D network"}
2026-04-03 01:52:45,134 | DEBUG | cspe.app | {"env_name": "MAPBOX_TOKEN", "event": "mapbox_token_found"}
2026-04-03 01:52:45,135 | DEBUG | cspe.app | {"edge_count": 37, "event": "render_3d_start", "has_line_geometries": true, "mode": "metro", "node_count": 38, "poi_lookup_loaded": true, "render_graph_modes": "all|bus|metro|rail|tram", "use_lcc": true, "viz_mode": "3D network"}
2026-04-03 01:52:45,361 | DEBUG | cspe.plot_mapbox | {"event": "paris_mask_loaded", "max_bounds": [[2.189122, 48.780575500000005], [2.5047602, 48.937155999999995]], "zoom": 9.5}
2026-04-03 01:52:45,361 | DEBUG | cspe.plot_mapbox | {"center": {"lat": 48.8367861673856, "lon": 2.3544611953156984}, "event": "render_mapbox_payload_built", "graph_edges": 37, "graph_nodes": 38, "has_render_graph": true, "mode": "metro", "network_feature_count": 16, "path_debug": {"segments": [], "summary": {"heuristic_label": 0, "route_id": 0, "straight_fallback": 0}}, "path_feature_count": 0, "pitched_view": true, "poi_category_key": null, "poi_limit": 25, "poi_lookup_loaded": true, "poi_radius_m": 300.0, "render_graph_link_count": 776, "render_graph_node_count": 804, "show_3d_buildings": true, "station_feature_count": 804, "title": "Mode: metro (LCC)", "transfer_feature_count": 0, "zoom": 10.1}
2026-04-03 01:52:53,111 | DEBUG | cspe.app | {"event": "app_imported", "log_file": "C:\\Users\\LEGION\\Desktop\\CSPE\\logs\\cspe_debug.log"}
2026-04-03 01:52:53,116 | DEBUG | cspe.app | {"current_path_length": 0, "event": "ui_state", "mode": "metro", "poi_limit": 25, "poi_radius_m": 300, "use_lcc": true, "viz_mode": "3D network"}
2026-04-03 01:52:53,118 | DEBUG | cspe.app | {"env_name": "MAPBOX_TOKEN", "event": "mapbox_token_found"}
2026-04-03 01:52:53,119 | DEBUG | cspe.app | {"edge_count": 37, "event": "render_3d_start", "has_line_geometries": true, "mode": "metro", "node_count": 38, "poi_lookup_loaded": true, "render_graph_modes": "all|bus|metro|rail|tram", "use_lcc": true, "viz_mode": "3D network"}
2026-04-03 01:52:53,284 | DEBUG | cspe.plot_mapbox | {"event": "paris_mask_loaded", "max_bounds": [[2.189122, 48.780575500000005], [2.5047602, 48.937155999999995]], "zoom": 9.5}
2026-04-03 01:52:53,284 | DEBUG | cspe.plot_mapbox | {"center": {"lat": 48.8367861673856, "lon": 2.3544611953156984}, "event": "render_mapbox_payload_built", "graph_edges": 37, "graph_nodes": 38, "has_render_graph": true, "mode": "metro", "network_feature_count": 16, "path_debug": {"segments": [], "summary": {"heuristic_label": 0, "route_id": 0, "straight_fallback": 0}}, "path_feature_count": 0, "pitched_view": true, "poi_category_key": null, "poi_limit": 25, "poi_lookup_loaded": true, "poi_radius_m": 300.0, "render_graph_link_count": 776, "render_graph_node_count": 804, "show_3d_buildings": true, "station_feature_count": 804, "title": "Mode: metro (LCC)", "transfer_feature_count": 0, "zoom": 10.1}
2026-04-03 01:53:15,719 | DEBUG | cspe.app | {"event": "app_imported", "log_file": "C:\\Users\\LEGION\\Desktop\\CSPE\\logs\\cspe_debug.log"}
2026-04-03 01:53:15,723 | DEBUG | cspe.app | {"current_path_length": 0, "event": "ui_state", "mode": "metro", "poi_limit": 25, "poi_radius_m": 300, "use_lcc": true, "viz_mode": "Geographic Mapbox"}
2026-04-03 01:53:15,725 | DEBUG | cspe.app | {"env_name": "MAPBOX_TOKEN", "event": "mapbox_token_found"}
2026-04-03 01:53:15,725 | DEBUG | cspe.app | {"edge_count": 37, "event": "render_mapbox_start", "has_line_geometries": true, "mode": "metro", "node_count": 38, "poi_lookup_loaded": true, "render_graph_modes": "all|bus|metro|rail|tram", "use_lcc": true, "viz_mode": "Geographic Mapbox"}
2026-04-03 01:53:15,909 | DEBUG | cspe.plot_mapbox | {"event": "paris_mask_loaded", "max_bounds": [[2.189122, 48.780575500000005], [2.5047602, 48.937155999999995]], "zoom": 9.5}
2026-04-03 01:53:15,909 | DEBUG | cspe.plot_mapbox | {"center": {"lat": 48.8367861673856, "lon": 2.3544611953156984}, "event": "render_mapbox_payload_built", "graph_edges": 37, "graph_nodes": 38, "has_render_graph": true, "mode": "metro", "network_feature_count": 16, "path_debug": {"segments": [], "summary": {"heuristic_label": 0, "route_id": 0, "straight_fallback": 0}}, "path_feature_count": 0, "pitched_view": false, "poi_category_key": null, "poi_limit": 25, "poi_lookup_loaded": true, "poi_radius_m": 300.0, "render_graph_link_count": 776, "render_graph_node_count": 804, "show_3d_buildings": false, "station_feature_count": 804, "title": "Mode: metro (LCC)", "transfer_feature_count": 0, "zoom": 10.1}
2026-04-03 01:53:25,675 | DEBUG | cspe.app | {"event": "app_imported", "log_file": "C:\\Users\\LEGION\\Desktop\\CSPE\\logs\\cspe_debug.log"}
2026-04-03 01:53:25,679 | DEBUG | cspe.app | {"current_path_length": 0, "event": "ui_state", "mode": "bus", "poi_limit": 25, "poi_radius_m": 300, "use_lcc": true, "viz_mode": "Geographic Mapbox"}
2026-04-03 01:53:25,681 | DEBUG | cspe.app | {"env_name": "MAPBOX_TOKEN", "event": "mapbox_token_found"}
2026-04-03 01:53:25,693 | DEBUG | cspe.app | {"edge_count": 50092, "event": "render_mapbox_start", "has_line_geometries": true, "mode": "bus", "node_count": 33765, "poi_lookup_loaded": true, "render_graph_modes": "all|bus|metro|rail|tram", "use_lcc": true, "viz_mode": "Geographic Mapbox"}
2026-04-03 01:53:51,143 | DEBUG | cspe.plot_mapbox | {"event": "paris_mask_loaded", "max_bounds": [[2.189122, 48.780575500000005], [2.5047602, 48.937155999999995]], "zoom": 9.5}
2026-04-03 01:53:51,152 | DEBUG | cspe.plot_mapbox | {"center": {"lat": 48.73310374388401, "lon": 2.4540356182785485}, "event": "render_mapbox_payload_built", "graph_edges": 50092, "graph_nodes": 33765, "has_render_graph": true, "mode": "bus", "network_feature_count": 1, "path_debug": {"segments": [], "summary": {"heuristic_label": 0, "route_id": 0, "straight_fallback": 0}}, "path_feature_count": 0, "pitched_view": false, "poi_category_key": null, "poi_limit": 25, "poi_lookup_loaded": true, "poi_radius_m": 300.0, "render_graph_link_count": 51449, "render_graph_node_count": 33912, "show_3d_buildings": false, "station_feature_count": 33912, "title": "Mode: bus (LCC)", "transfer_feature_count": 0, "zoom": 7.5}
2026-04-03 01:57:19,599 | DEBUG | cspe.app | {"event": "app_imported", "log_file": "C:\\Users\\LEGION\\Desktop\\CSPE\\logs\\cspe_debug.log"}
2026-04-03 01:57:19,603 | DEBUG | cspe.app | {"current_path_length": 0, "event": "ui_state", "mode": "metro", "poi_limit": 25, "poi_radius_m": 300, "use_lcc": true, "viz_mode": "Geographic Mapbox"}
2026-04-03 01:57:19,606 | DEBUG | cspe.app | {"env_name": "MAPBOX_TOKEN", "event": "mapbox_token_found"}
2026-04-03 01:57:19,607 | DEBUG | cspe.app | {"edge_count": 37, "event": "render_mapbox_start", "has_line_geometries": true, "mode": "metro", "node_count": 38, "poi_lookup_loaded": true, "render_graph_modes": "all|bus|metro|rail|tram", "use_lcc": true, "viz_mode": "Geographic Mapbox"}
2026-04-03 01:57:20,923 | DEBUG | cspe.plot_mapbox | {"event": "paris_mask_loaded", "max_bounds": [[2.189122, 48.780575500000005], [2.5047602, 48.937155999999995]], "zoom": 9.5}
2026-04-03 01:57:20,923 | DEBUG | cspe.plot_mapbox | {"center": {"lat": 48.8367861673856, "lon": 2.3544611953156984}, "event": "render_mapbox_payload_built", "graph_edges": 37, "graph_nodes": 38, "has_render_graph": true, "mode": "metro", "network_feature_count": 16, "path_debug": {"segments": [], "summary": {"heuristic_label": 0, "route_id": 0, "straight_fallback": 0}}, "path_feature_count": 0, "pitched_view": false, "poi_category_key": null, "poi_limit": 25, "poi_lookup_loaded": true, "poi_radius_m": 300.0, "render_graph_link_count": 776, "render_graph_node_count": 804, "show_3d_buildings": false, "station_feature_count": 804, "title": "Mode: metro (LCC)", "transfer_feature_count": 0, "zoom": 10.1}
2026-04-03 01:57:49,454 | DEBUG | cspe.app | {"event": "app_imported", "log_file": "C:\\Users\\LEGION\\Desktop\\CSPE\\logs\\cspe_debug.log"}
2026-04-03 01:57:49,967 | DEBUG | cspe.app | {"bundle_path": "data\\derived\\routing\\graph_bundle.pkl", "event": "load_bundle_called", "project_root": ".", "stop_popup_index_path": "data\\derived\\stops\\stop_popup_index.parquet"}
2026-04-03 01:57:54,413 | DEBUG | cspe.app | {"current_path_length": 0, "event": "ui_state", "mode": "metro", "poi_limit": 25, "poi_radius_m": 300, "use_lcc": true, "viz_mode": "Geographic Mapbox"}
2026-04-03 01:57:54,415 | DEBUG | cspe.app | {"env_name": "MAPBOX_TOKEN", "event": "mapbox_token_found"}
2026-04-03 01:57:54,416 | DEBUG | cspe.app | {"event": "line_geometries_loading", "path": "data\\derived\\maps"}
2026-04-03 01:57:56,992 | DEBUG | cspe.plot_mapbox | {"by_mode_counts": {"all": 1999, "bus": 1942, "metro": 16, "other": 0, "rail": 24, "tram": 17}, "event": "line_geometries_loaded", "feature_count": 1999, "source": "data\\derived\\maps"}
2026-04-03 01:57:57,058 | DEBUG | cspe.app | {"event": "render_graph_loading", "mode": "all", "path": "data\\derived\\render_graphs\\all.render_graph.json"}
2026-04-03 01:57:57,059 | DEBUG | cspe.plot_mapbox | {"event": "render_graph_loaded", "link_count": 0, "meta": {"link_count": 0, "mode": "all", "node_count": 0, "version": 1}, "node_count": 0, "source": "data\\derived\\render_graphs\\all.render_graph.json"}
2026-04-03 01:57:57,059 | DEBUG | cspe.app | {"event": "render_graph_loading", "mode": "bus", "path": "data\\derived\\render_graphs\\bus.render_graph.json"}
2026-04-03 01:57:57,512 | DEBUG | cspe.plot_mapbox | {"event": "render_graph_loaded", "link_count": 51449, "meta": {"center_lat": 48.80819617898598, "center_lon": 2.3614622392315567, "link_count": 51509, "mode": "bus", "node_count": 33912, "version": 1}, "node_count": 33912, "source": "data\\derived\\render_graphs\\bus.render_graph.json"}
2026-04-03 01:57:57,533 | DEBUG | cspe.app | {"event": "render_graph_loading", "mode": "metro", "path": "data\\derived\\render_graphs\\metro.render_graph.json"}
2026-04-03 01:57:57,555 | DEBUG | cspe.plot_mapbox | {"event": "render_graph_loaded", "link_count": 776, "meta": {"center_lat": 48.85990758970259, "center_lon": 2.346290027841802, "link_count": 776, "mode": "metro", "node_count": 804, "version": 1}, "node_count": 804, "source": "data\\derived\\render_graphs\\metro.render_graph.json"}
2026-04-03 01:57:57,555 | DEBUG | cspe.app | {"event": "render_graph_loading", "mode": "rail", "path": "data\\derived\\render_graphs\\rail.render_graph.json"}
2026-04-03 01:57:57,562 | DEBUG | cspe.plot_mapbox | {"event": "render_graph_loaded", "link_count": 1132, "meta": {"center_lat": 48.790357511114394, "center_lon": 2.3064798618917095, "link_count": 1142, "mode": "rail", "node_count": 544, "version": 1}, "node_count": 538, "source": "data\\derived\\render_graphs\\rail.render_graph.json"}
2026-04-03 01:57:57,563 | DEBUG | cspe.app | {"event": "render_graph_loading", "mode": "tram", "path": "data\\derived\\render_graphs\\tram.render_graph.json"}
2026-04-03 01:57:57,567 | DEBUG | cspe.plot_mapbox | {"event": "render_graph_loaded", "link_count": 569, "meta": {"center_lat": 48.85194773537914, "center_lon": 2.346644900174079, "link_count": 570, "mode": "tram", "node_count": 557, "version": 1}, "node_count": 557, "source": "data\\derived\\render_graphs\\tram.render_graph.json"}
2026-04-03 01:57:57,568 | DEBUG | cspe.app | {"data_path": "data\\normalized\\poi\\poi.parquet", "event": "poi_lookup_loading", "npz_path": "data\\derived\\indexes\\poi_balltree.npz", "tree_path": "data\\derived\\indexes\\poi_balltree.pkl"}
2026-04-03 01:57:57,754 | DEBUG | cspe.app | {"edge_count": 37, "event": "render_mapbox_start", "has_line_geometries": true, "mode": "metro", "node_count": 38, "poi_lookup_loaded": true, "render_graph_modes": "all|bus|metro|rail|tram", "use_lcc": true, "viz_mode": "Geographic Mapbox"}
2026-04-03 01:57:58,876 | DEBUG | cspe.plot_mapbox | {"event": "paris_mask_loaded", "max_bounds": [[1.3862444999999999, 48.0601456], [3.6192208, 49.301431]], "source_file": "ile_de_france_admin_boundary.geojson", "zoom": 7.2}
2026-04-03 01:57:58,876 | DEBUG | cspe.plot_mapbox | {"center": {"lat": 48.8367861673856, "lon": 2.3544611953156984}, "event": "render_mapbox_payload_built", "graph_edges": 37, "graph_nodes": 38, "has_render_graph": true, "mode": "metro", "network_feature_count": 16, "path_debug": {"segments": [], "summary": {"heuristic_label": 0, "route_id": 0, "straight_fallback": 0}}, "path_feature_count": 0, "pitched_view": false, "poi_category_key": null, "poi_limit": 25, "poi_lookup_loaded": true, "poi_radius_m": 300.0, "render_graph_link_count": 776, "render_graph_node_count": 804, "show_3d_buildings": false, "station_feature_count": 804, "title": "Mode: metro (LCC)", "transfer_feature_count": 0, "zoom": 10.1}
2026-04-03 01:59:07,148 | DEBUG | cspe.app | {"event": "app_imported", "log_file": "C:\\Users\\LEGION\\Desktop\\CSPE\\logs\\cspe_debug.log"}
2026-04-03 01:59:07,152 | DEBUG | cspe.app | {"current_path_length": 0, "event": "ui_state", "mode": "bus", "poi_limit": 25, "poi_radius_m": 300, "use_lcc": true, "viz_mode": "Geographic Mapbox"}
2026-04-03 01:59:07,155 | DEBUG | cspe.app | {"env_name": "MAPBOX_TOKEN", "event": "mapbox_token_found"}
2026-04-03 01:59:07,172 | DEBUG | cspe.app | {"edge_count": 50092, "event": "render_mapbox_start", "has_line_geometries": true, "mode": "bus", "node_count": 33765, "poi_lookup_loaded": true, "render_graph_modes": "all|bus|metro|rail|tram", "use_lcc": true, "viz_mode": "Geographic Mapbox"}
2026-04-03 01:59:31,646 | DEBUG | cspe.plot_mapbox | {"event": "paris_mask_loaded", "max_bounds": [[1.3862444999999999, 48.0601456], [3.6192208, 49.301431]], "source_file": "ile_de_france_admin_boundary.geojson", "zoom": 7.2}
2026-04-03 01:59:31,655 | DEBUG | cspe.plot_mapbox | {"center": {"lat": 48.73310374388401, "lon": 2.4540356182785485}, "event": "render_mapbox_payload_built", "graph_edges": 50092, "graph_nodes": 33765, "has_render_graph": true, "mode": "bus", "network_feature_count": 1, "path_debug": {"segments": [], "summary": {"heuristic_label": 0, "route_id": 0, "straight_fallback": 0}}, "path_feature_count": 0, "pitched_view": false, "poi_category_key": null, "poi_limit": 25, "poi_lookup_loaded": true, "poi_radius_m": 300.0, "render_graph_link_count": 51449, "render_graph_node_count": 33912, "show_3d_buildings": false, "station_feature_count": 33912, "title": "Mode: bus (LCC)", "transfer_feature_count": 0, "zoom": 7.5}
2026-04-03 02:07:24,565 | DEBUG | cspe.app | {"event": "app_imported", "log_file": "C:\\Users\\LEGION\\Desktop\\CSPE\\logs\\cspe_debug.log"}
2026-04-03 02:07:24,569 | DEBUG | cspe.app | {"current_path_length": 0, "event": "ui_state", "mode": "metro", "poi_limit": 25, "poi_radius_m": 300, "use_lcc": true, "viz_mode": "Geographic Mapbox"}
2026-04-03 02:07:24,572 | DEBUG | cspe.app | {"env_name": "MAPBOX_TOKEN", "event": "mapbox_token_found"}
2026-04-03 02:07:24,572 | DEBUG | cspe.app | {"edge_count": 37, "event": "render_mapbox_start", "has_line_geometries": true, "mode": "metro", "node_count": 38, "poi_lookup_loaded": true, "render_graph_modes": "all|bus|metro|rail|tram", "use_lcc": true, "viz_mode": "Geographic Mapbox"}
2026-04-03 02:07:26,133 | DEBUG | cspe.plot_mapbox | {"event": "paris_mask_loaded", "max_bounds": [[1.3862444999999999, 48.0601456], [3.6192208, 49.301431]], "source_file": "ile_de_france_admin_boundary.geojson", "zoom": 7.2}
2026-04-03 02:07:26,134 | DEBUG | cspe.plot_mapbox | {"center": {"lat": 48.8367861673856, "lon": 2.3544611953156984}, "event": "render_mapbox_payload_built", "graph_edges": 37, "graph_nodes": 38, "has_render_graph": true, "mode": "metro", "network_feature_count": 16, "path_debug": {"segments": [], "summary": {"heuristic_label": 0, "route_id": 0, "straight_fallback": 0}}, "path_feature_count": 0, "pitched_view": false, "poi_category_key": null, "poi_limit": 25, "poi_lookup_loaded": true, "poi_radius_m": 300.0, "render_graph_link_count": 776, "render_graph_node_count": 804, "show_3d_buildings": false, "station_feature_count": 804, "title": "Mode: metro (LCC)", "transfer_feature_count": 0, "zoom": 10.1}
2026-04-03 02:07:35,657 | DEBUG | cspe.app | {"event": "app_imported", "log_file": "C:\\Users\\LEGION\\Desktop\\CSPE\\logs\\cspe_debug.log"}
2026-04-03 02:07:35,661 | DEBUG | cspe.app | {"current_path_length": 0, "event": "ui_state", "mode": "rail", "poi_limit": 25, "poi_radius_m": 300, "use_lcc": true, "viz_mode": "Geographic Mapbox"}
2026-04-03 02:07:35,664 | DEBUG | cspe.app | {"env_name": "MAPBOX_TOKEN", "event": "mapbox_token_found"}
2026-04-03 02:07:35,664 | DEBUG | cspe.app | {"edge_count": 626, "event": "render_mapbox_start", "has_line_geometries": true, "mode": "rail", "node_count": 540, "poi_lookup_loaded": true, "render_graph_modes": "all|bus|metro|rail|tram", "use_lcc": true, "viz_mode": "Geographic Mapbox"}
2026-04-03 02:07:36,342 | DEBUG | cspe.plot_mapbox | {"event": "paris_mask_loaded", "max_bounds": [[1.3862444999999999, 48.0601456], [3.6192208, 49.301431]], "source_file": "ile_de_france_admin_boundary.geojson", "zoom": 7.2}
2026-04-03 02:07:36,342 | DEBUG | cspe.plot_mapbox | {"center": {"lat": 48.71646420607171, "lon": 2.279689286835027}, "event": "render_mapbox_payload_built", "graph_edges": 626, "graph_nodes": 540, "has_render_graph": true, "mode": "rail", "network_feature_count": 15, "path_debug": {"segments": [], "summary": {"heuristic_label": 0, "route_id": 0, "straight_fallback": 0}}, "path_feature_count": 0, "pitched_view": false, "poi_category_key": null, "poi_limit": 25, "poi_lookup_loaded": true, "poi_radius_m": 300.0, "render_graph_link_count": 1132, "render_graph_node_count": 538, "show_3d_buildings": false, "station_feature_count": 538, "title": "Mode: rail (LCC)", "transfer_feature_count": 0, "zoom": 7.5}
2026-04-03 02:09:48,566 | DEBUG | cspe.app | {"event": "app_imported", "log_file": "C:\\Users\\LEGION\\Desktop\\CSPE\\logs\\cspe_debug.log"}
2026-04-03 02:09:48,572 | DEBUG | cspe.app | {"current_path_length": 0, "event": "ui_state", "mode": "tram", "poi_limit": 25, "poi_radius_m": 300, "use_lcc": true, "viz_mode": "Geographic Mapbox"}
2026-04-03 02:09:48,573 | DEBUG | cspe.app | {"env_name": "MAPBOX_TOKEN", "event": "mapbox_token_found"}
2026-04-03 02:09:48,574 | DEBUG | cspe.app | {"edge_count": 66, "event": "render_mapbox_start", "has_line_geometries": true, "mode": "tram", "node_count": 66, "poi_lookup_loaded": true, "render_graph_modes": "all|bus|metro|rail|tram", "use_lcc": true, "viz_mode": "Geographic Mapbox"}
2026-04-03 02:09:49,304 | DEBUG | cspe.plot_mapbox | {"event": "paris_mask_loaded", "max_bounds": [[1.3862444999999999, 48.0601456], [3.6192208, 49.301431]], "source_file": "ile_de_france_admin_boundary.geojson", "zoom": 7.2}
2026-04-03 02:09:49,304 | DEBUG | cspe.plot_mapbox | {"center": {"lat": 48.81754286065705, "lon": 2.477902360465939}, "event": "render_mapbox_payload_built", "graph_edges": 66, "graph_nodes": 66, "has_render_graph": true, "mode": "tram", "network_feature_count": 16, "path_debug": {"segments": [], "summary": {"heuristic_label": 0, "route_id": 0, "straight_fallback": 0}}, "path_feature_count": 0, "pitched_view": false, "poi_category_key": null, "poi_limit": 25, "poi_lookup_loaded": true, "poi_radius_m": 300.0, "render_graph_link_count": 569, "render_graph_node_count": 557, "show_3d_buildings": false, "station_feature_count": 557, "title": "Mode: tram (LCC)", "transfer_feature_count": 0, "zoom": 8.3}
2026-04-03 02:11:11,351 | DEBUG | cspe.app | {"event": "app_imported", "log_file": "C:\\Users\\LEGION\\Desktop\\CSPE\\logs\\cspe_debug.log"}
2026-04-03 02:11:11,354 | DEBUG | cspe.app | {"current_path_length": 0, "event": "ui_state", "mode": "metro", "poi_limit": 25, "poi_radius_m": 300, "use_lcc": true, "viz_mode": "Geographic Mapbox"}
2026-04-03 02:11:11,358 | DEBUG | cspe.app | {"env_name": "MAPBOX_TOKEN", "event": "mapbox_token_found"}
2026-04-03 02:11:11,358 | DEBUG | cspe.app | {"edge_count": 37, "event": "render_mapbox_start", "has_line_geometries": true, "mode": "metro", "node_count": 38, "poi_lookup_loaded": true, "render_graph_modes": "all|bus|metro|rail|tram", "use_lcc": true, "viz_mode": "Geographic Mapbox"}
2026-04-03 02:11:11,692 | DEBUG | cspe.plot_mapbox | {"event": "paris_mask_loaded", "max_bounds": [[1.3862444999999999, 48.0601456], [3.6192208, 49.301431]], "source_file": "ile_de_france_admin_boundary.geojson", "zoom": 7.2}
2026-04-03 02:11:11,692 | DEBUG | cspe.plot_mapbox | {"center": {"lat": 48.8367861673856, "lon": 2.3544611953156984}, "event": "render_mapbox_payload_built", "graph_edges": 37, "graph_nodes": 38, "has_render_graph": true, "mode": "metro", "network_feature_count": 16, "path_debug": {"segments": [], "summary": {"heuristic_label": 0, "route_id": 0, "straight_fallback": 0}}, "path_feature_count": 0, "pitched_view": false, "poi_category_key": null, "poi_limit": 25, "poi_lookup_loaded": true, "poi_radius_m": 300.0, "render_graph_link_count": 776, "render_graph_node_count": 804, "show_3d_buildings": false, "station_feature_count": 804, "title": "Mode: metro (LCC)", "transfer_feature_count": 0, "zoom": 10.1}
2026-04-03 02:11:34,175 | DEBUG | cspe.app | {"event": "app_imported", "log_file": "C:\\Users\\LEGION\\Desktop\\CSPE\\logs\\cspe_debug.log"}
2026-04-03 02:11:34,687 | DEBUG | cspe.app | {"bundle_path": "data\\derived\\routing\\graph_bundle.pkl", "event": "load_bundle_called", "project_root": ".", "stop_popup_index_path": "data\\derived\\stops\\stop_popup_index.parquet"}
2026-04-03 02:11:39,822 | DEBUG | cspe.app | {"current_path_length": 0, "event": "ui_state", "mode": "metro", "poi_limit": 25, "poi_radius_m": 300, "use_lcc": true, "viz_mode": "Geographic Mapbox"}
2026-04-03 02:11:39,824 | DEBUG | cspe.app | {"env_name": "MAPBOX_TOKEN", "event": "mapbox_token_found"}
2026-04-03 02:11:39,825 | DEBUG | cspe.app | {"event": "line_geometries_loading", "path": "data\\derived\\maps"}
2026-04-03 02:11:42,595 | DEBUG | cspe.plot_mapbox | {"by_mode_counts": {"all": 1999, "bus": 1942, "metro": 16, "other": 0, "rail": 24, "tram": 17}, "event": "line_geometries_loaded", "feature_count": 1999, "source": "data\\derived\\maps"}
2026-04-03 02:11:42,676 | DEBUG | cspe.app | {"event": "render_graph_loading", "mode": "all", "path": "data\\derived\\render_graphs\\all.render_graph.json"}
2026-04-03 02:11:42,676 | DEBUG | cspe.plot_mapbox | {"event": "render_graph_loaded", "link_count": 0, "meta": {"link_count": 0, "mode": "all", "node_count": 0, "version": 1}, "node_count": 0, "source": "data\\derived\\render_graphs\\all.render_graph.json"}
2026-04-03 02:11:42,676 | DEBUG | cspe.app | {"event": "render_graph_loading", "mode": "bus", "path": "data\\derived\\render_graphs\\bus.render_graph.json"}
2026-04-03 02:11:43,156 | DEBUG | cspe.plot_mapbox | {"event": "render_graph_loaded", "link_count": 51449, "meta": {"center_lat": 48.80819617898598, "center_lon": 2.3614622392315567, "link_count": 51509, "mode": "bus", "node_count": 33912, "version": 1}, "node_count": 33912, "source": "data\\derived\\render_graphs\\bus.render_graph.json"}
2026-04-03 02:11:43,183 | DEBUG | cspe.app | {"event": "render_graph_loading", "mode": "metro", "path": "data\\derived\\render_graphs\\metro.render_graph.json"}
2026-04-03 02:11:43,192 | DEBUG | cspe.plot_mapbox | {"event": "render_graph_loaded", "link_count": 776, "meta": {"center_lat": 48.85990758970259, "center_lon": 2.346290027841802, "link_count": 776, "mode": "metro", "node_count": 804, "version": 1}, "node_count": 804, "source": "data\\derived\\render_graphs\\metro.render_graph.json"}
2026-04-03 02:11:43,193 | DEBUG | cspe.app | {"event": "render_graph_loading", "mode": "rail", "path": "data\\derived\\render_graphs\\rail.render_graph.json"}
2026-04-03 02:11:43,202 | DEBUG | cspe.plot_mapbox | {"event": "render_graph_loaded", "link_count": 1132, "meta": {"center_lat": 48.790357511114394, "center_lon": 2.3064798618917095, "link_count": 1142, "mode": "rail", "node_count": 544, "version": 1}, "node_count": 538, "source": "data\\derived\\render_graphs\\rail.render_graph.json"}
2026-04-03 02:11:43,202 | DEBUG | cspe.app | {"event": "render_graph_loading", "mode": "tram", "path": "data\\derived\\render_graphs\\tram.render_graph.json"}
2026-04-03 02:11:43,208 | DEBUG | cspe.plot_mapbox | {"event": "render_graph_loaded", "link_count": 569, "meta": {"center_lat": 48.85194773537914, "center_lon": 2.346644900174079, "link_count": 570, "mode": "tram", "node_count": 557, "version": 1}, "node_count": 557, "source": "data\\derived\\render_graphs\\tram.render_graph.json"}
2026-04-03 02:11:43,209 | DEBUG | cspe.app | {"data_path": "data\\normalized\\poi\\poi.parquet", "event": "poi_lookup_loading", "npz_path": "data\\derived\\indexes\\poi_balltree.npz", "tree_path": "data\\derived\\indexes\\poi_balltree.pkl"}
2026-04-03 02:11:43,415 | DEBUG | cspe.app | {"edge_count": 37, "event": "render_mapbox_start", "has_line_geometries": true, "mode": "metro", "node_count": 38, "poi_lookup_loaded": true, "render_graph_modes": "all|bus|metro|rail|tram", "use_lcc": true, "viz_mode": "Geographic Mapbox"}
2026-04-03 02:11:44,595 | DEBUG | cspe.plot_mapbox | {"event": "paris_mask_loaded", "max_bounds": [[1.3862444999999999, 48.0601456], [3.6192208, 49.301431]], "source_file": "ile_de_france_admin_boundary.geojson", "zoom": 7.2}
2026-04-03 02:11:44,595 | DEBUG | cspe.plot_mapbox | {"center": {"lat": 48.8367861673856, "lon": 2.3544611953156984}, "event": "render_mapbox_payload_built", "graph_edges": 37, "graph_nodes": 38, "has_render_graph": true, "mode": "metro", "network_feature_count": 16, "path_debug": {"segments": [], "summary": {"heuristic_label": 0, "route_id": 0, "straight_fallback": 0}}, "path_feature_count": 0, "pitched_view": false, "poi_category_key": null, "poi_limit": 25, "poi_lookup_loaded": true, "poi_radius_m": 300.0, "render_graph_link_count": 776, "render_graph_node_count": 804, "show_3d_buildings": false, "station_feature_count": 804, "title": "Mode: metro (LCC)", "transfer_feature_count": 0, "zoom": 10.1}
2026-04-03 02:16:26,527 | DEBUG | cspe.app | {"event": "app_imported", "log_file": "C:\\Users\\LEGION\\Desktop\\CSPE\\logs\\cspe_debug.log"}
2026-04-03 02:16:26,533 | DEBUG | cspe.app | {"current_path_length": 0, "event": "ui_state", "mode": "metro", "poi_limit": 25, "poi_radius_m": 300, "use_lcc": true, "viz_mode": "Geographic Mapbox"}
2026-04-03 02:16:26,535 | DEBUG | cspe.app | {"env_name": "MAPBOX_TOKEN", "event": "mapbox_token_found"}
2026-04-03 02:16:26,536 | DEBUG | cspe.app | {"edge_count": 37, "event": "render_mapbox_start", "has_line_geometries": true, "mode": "metro", "node_count": 38, "poi_lookup_loaded": true, "render_graph_modes": "all|bus|metro|rail|tram", "use_lcc": true, "viz_mode": "Geographic Mapbox"}
2026-04-03 02:16:26,858 | DEBUG | cspe.plot_mapbox | {"event": "paris_mask_loaded", "max_bounds": [[1.3862444999999999, 48.0601456], [3.6192208, 49.301431]], "source_file": "ile_de_france_admin_boundary.geojson", "zoom": 7.2}
2026-04-03 02:16:26,858 | DEBUG | cspe.plot_mapbox | {"center": {"lat": 48.8367861673856, "lon": 2.3544611953156984}, "event": "render_mapbox_payload_built", "graph_edges": 37, "graph_nodes": 38, "has_render_graph": true, "mode": "metro", "network_feature_count": 16, "path_debug": {"segments": [], "summary": {"heuristic_label": 0, "route_id": 0, "straight_fallback": 0}}, "path_feature_count": 0, "pitched_view": false, "poi_category_key": null, "poi_limit": 25, "poi_lookup_loaded": true, "poi_radius_m": 300.0, "render_graph_link_count": 776, "render_graph_node_count": 804, "show_3d_buildings": false, "station_feature_count": 804, "title": "Mode: metro (LCC)", "transfer_feature_count": 0, "zoom": 10.1}
2026-04-03 02:16:41,504 | DEBUG | cspe.app | {"event": "app_imported", "log_file": "C:\\Users\\LEGION\\Desktop\\CSPE\\logs\\cspe_debug.log"}
2026-04-03 02:16:41,507 | DEBUG | cspe.app | {"current_path_length": 0, "event": "ui_state", "mode": "metro", "poi_limit": 25, "poi_radius_m": 300, "use_lcc": true, "viz_mode": "Geographic Mapbox"}
2026-04-03 02:16:41,509 | DEBUG | cspe.app | {"env_name": "MAPBOX_TOKEN", "event": "mapbox_token_found"}
2026-04-03 02:16:41,509 | DEBUG | cspe.app | {"edge_count": 37, "event": "render_mapbox_start", "has_line_geometries": true, "mode": "metro", "node_count": 38, "poi_lookup_loaded": true, "render_graph_modes": "all|bus|metro|rail|tram", "use_lcc": true, "viz_mode": "Geographic Mapbox"}
2026-04-03 02:16:41,751 | DEBUG | cspe.plot_mapbox | {"event": "paris_mask_loaded", "max_bounds": [[1.3862444999999999, 48.0601456], [3.6192208, 49.301431]], "source_file": "ile_de_france_admin_boundary.geojson", "zoom": 7.2}
2026-04-03 02:16:41,752 | DEBUG | cspe.plot_mapbox | {"center": {"lat": 48.8367861673856, "lon": 2.3544611953156984}, "event": "render_mapbox_payload_built", "graph_edges": 37, "graph_nodes": 38, "has_render_graph": true, "mode": "metro", "network_feature_count": 16, "path_debug": {"segments": [], "summary": {"heuristic_label": 0, "route_id": 0, "straight_fallback": 0}}, "path_feature_count": 0, "pitched_view": false, "poi_category_key": null, "poi_limit": 25, "poi_lookup_loaded": true, "poi_radius_m": 300.0, "render_graph_link_count": 776, "render_graph_node_count": 804, "show_3d_buildings": false, "station_feature_count": 804, "title": "Mode: metro (LCC)", "transfer_feature_count": 0, "zoom": 10.1}
2026-04-03 02:17:24,235 | DEBUG | cspe.app | {"event": "app_imported", "log_file": "C:\\Users\\LEGION\\Desktop\\CSPE\\logs\\cspe_debug.log"}
2026-04-03 02:17:24,240 | DEBUG | cspe.app | {"current_path_length": 0, "event": "ui_state", "mode": "metro", "poi_limit": 25, "poi_radius_m": 300, "use_lcc": true, "viz_mode": "Geographic Mapbox"}
2026-04-03 02:17:24,243 | DEBUG | cspe.app | {"env_name": "MAPBOX_TOKEN", "event": "mapbox_token_found"}
2026-04-03 02:17:24,243 | DEBUG | cspe.app | {"edge_count": 37, "event": "render_mapbox_start", "has_line_geometries": true, "mode": "metro", "node_count": 38, "poi_lookup_loaded": true, "render_graph_modes": "all|bus|metro|rail|tram", "use_lcc": true, "viz_mode": "Geographic Mapbox"}
2026-04-03 02:17:24,614 | DEBUG | cspe.plot_mapbox | {"event": "paris_mask_loaded", "max_bounds": [[1.3862444999999999, 48.0601456], [3.6192208, 49.301431]], "source_file": "ile_de_france_admin_boundary.geojson", "zoom": 7.2}
2026-04-03 02:17:24,615 | DEBUG | cspe.plot_mapbox | {"center": {"lat": 48.8367861673856, "lon": 2.3544611953156984}, "event": "render_mapbox_payload_built", "graph_edges": 37, "graph_nodes": 38, "has_render_graph": true, "mode": "metro", "network_feature_count": 16, "path_debug": {"segments": [], "summary": {"heuristic_label": 0, "route_id": 0, "straight_fallback": 0}}, "path_feature_count": 0, "pitched_view": false, "poi_category_key": null, "poi_limit": 25, "poi_lookup_loaded": true, "poi_radius_m": 300.0, "render_graph_link_count": 776, "render_graph_node_count": 804, "show_3d_buildings": false, "station_feature_count": 804, "title": "Mode: metro (LCC)", "transfer_feature_count": 0, "zoom": 10.1}
2026-04-03 02:26:11,815 | DEBUG | cspe.app | {"event": "app_imported", "log_file": "C:\\Users\\LEGION\\Desktop\\CSPE\\logs\\cspe_debug.log"}
2026-04-03 02:26:11,823 | DEBUG | cspe.app | {"current_path_length": 0, "event": "ui_state", "mode": "metro", "poi_limit": 25, "poi_radius_m": 300, "use_lcc": true, "viz_mode": "Geographic Mapbox"}
2026-04-03 02:26:11,826 | DEBUG | cspe.app | {"env_name": "MAPBOX_TOKEN", "event": "mapbox_token_found"}
2026-04-03 02:26:11,827 | DEBUG | cspe.app | {"edge_count": 37, "event": "render_mapbox_start", "has_line_geometries": true, "mode": "metro", "node_count": 38, "poi_lookup_loaded": true, "render_graph_modes": "all|bus|metro|rail|tram", "use_lcc": true, "viz_mode": "Geographic Mapbox"}
2026-04-03 02:26:12,114 | DEBUG | cspe.plot_mapbox | {"event": "paris_mask_loaded", "max_bounds": [[1.3862444999999999, 48.0601456], [3.6192208, 49.301431]], "source_file": "ile_de_france_admin_boundary.geojson", "zoom": 7.2}
2026-04-03 02:26:12,114 | DEBUG | cspe.plot_mapbox | {"center": {"lat": 48.8367861673856, "lon": 2.3544611953156984}, "event": "render_mapbox_payload_built", "graph_edges": 37, "graph_nodes": 38, "has_render_graph": true, "mode": "metro", "network_feature_count": 16, "path_debug": {"segments": [], "summary": {"heuristic_label": 0, "route_id": 0, "straight_fallback": 0}}, "path_feature_count": 0, "pitched_view": false, "poi_category_key": null, "poi_limit": 25, "poi_lookup_loaded": true, "poi_radius_m": 300.0, "render_graph_link_count": 776, "render_graph_node_count": 804, "show_3d_buildings": false, "station_feature_count": 804, "title": "Mode: metro (LCC)", "transfer_feature_count": 0, "zoom": 10.1}
2026-04-03 02:29:57,248 | DEBUG | cspe.app | {"event": "app_imported", "log_file": "C:\\Users\\LEGION\\Desktop\\CSPE\\logs\\cspe_debug.log"}
2026-04-03 02:29:57,253 | DEBUG | cspe.app | {"current_path_length": 0, "event": "ui_state", "mode": "metro", "poi_limit": 25, "poi_radius_m": 300, "use_lcc": true, "viz_mode": "Geographic Mapbox"}
2026-04-03 02:29:57,256 | DEBUG | cspe.app | {"env_name": "MAPBOX_TOKEN", "event": "mapbox_token_found"}
2026-04-03 02:29:57,256 | DEBUG | cspe.app | {"edge_count": 37, "event": "render_mapbox_start", "has_line_geometries": true, "mode": "metro", "node_count": 38, "poi_lookup_loaded": true, "render_graph_modes": "all|bus|metro|rail|tram", "use_lcc": true, "viz_mode": "Geographic Mapbox"}
2026-04-03 02:29:57,494 | DEBUG | cspe.plot_mapbox | {"event": "paris_mask_loaded", "max_bounds": [[1.3862444999999999, 48.0601456], [3.6192208, 49.301431]], "source_file": "ile_de_france_admin_boundary.geojson", "zoom": 7.2}
2026-04-03 02:29:57,494 | DEBUG | cspe.plot_mapbox | {"center": {"lat": 48.8367861673856, "lon": 2.3544611953156984}, "event": "render_mapbox_payload_built", "graph_edges": 37, "graph_nodes": 38, "has_render_graph": true, "mode": "metro", "network_feature_count": 16, "path_debug": {"segments": [], "summary": {"heuristic_label": 0, "route_id": 0, "straight_fallback": 0}}, "path_feature_count": 0, "pitched_view": false, "poi_category_key": null, "poi_limit": 25, "poi_lookup_loaded": true, "poi_radius_m": 300.0, "render_graph_link_count": 776, "render_graph_node_count": 804, "show_3d_buildings": false, "station_feature_count": 804, "title": "Mode: metro (LCC)", "transfer_feature_count": 0, "zoom": 10.1}
2026-04-03 02:31:03,488 | DEBUG | cspe.app | {"event": "app_imported", "log_file": "C:\\Users\\LEGION\\Desktop\\CSPE\\logs\\cspe_debug.log"}
2026-04-03 02:31:03,494 | DEBUG | cspe.app | {"current_path_length": 0, "event": "ui_state", "mode": "metro", "poi_limit": 25, "poi_radius_m": 300, "use_lcc": true, "viz_mode": "Geographic Mapbox"}
2026-04-03 02:31:03,496 | DEBUG | cspe.app | {"env_name": "MAPBOX_TOKEN", "event": "mapbox_token_found"}
2026-04-03 02:31:03,498 | DEBUG | cspe.app | {"edge_count": 37, "event": "render_mapbox_start", "has_line_geometries": true, "mode": "metro", "node_count": 38, "poi_lookup_loaded": true, "render_graph_modes": "all|bus|metro|rail|tram", "use_lcc": true, "viz_mode": "Geographic Mapbox"}
2026-04-03 02:31:03,810 | DEBUG | cspe.plot_mapbox | {"event": "paris_mask_loaded", "max_bounds": [[1.3862444999999999, 48.0601456], [3.6192208, 49.301431]], "source_file": "ile_de_france_admin_boundary.geojson", "zoom": 7.2}
2026-04-03 02:31:03,810 | DEBUG | cspe.plot_mapbox | {"center": {"lat": 48.8367861673856, "lon": 2.3544611953156984}, "event": "render_mapbox_payload_built", "graph_edges": 37, "graph_nodes": 38, "has_render_graph": true, "mode": "metro", "network_feature_count": 16, "path_debug": {"segments": [], "summary": {"heuristic_label": 0, "route_id": 0, "straight_fallback": 0}}, "path_feature_count": 0, "pitched_view": false, "poi_category_key": null, "poi_limit": 25, "poi_lookup_loaded": true, "poi_radius_m": 300.0, "render_graph_link_count": 776, "render_graph_node_count": 804, "show_3d_buildings": false, "station_feature_count": 804, "title": "Mode: metro (LCC)", "transfer_feature_count": 0, "zoom": 10.1}
2026-04-03 02:33:03,056 | DEBUG | cspe.app | {"event": "app_imported", "log_file": "C:\\Users\\LEGION\\Desktop\\CSPE\\logs\\cspe_debug.log"}
2026-04-03 02:33:03,061 | DEBUG | cspe.app | {"current_path_length": 0, "event": "ui_state", "mode": "metro", "poi_limit": 25, "poi_radius_m": 300, "use_lcc": true, "viz_mode": "Geographic Mapbox"}
2026-04-03 02:33:03,064 | DEBUG | cspe.app | {"env_name": "MAPBOX_TOKEN", "event": "mapbox_token_found"}
2026-04-03 02:33:03,065 | DEBUG | cspe.app | {"edge_count": 37, "event": "render_mapbox_start", "has_line_geometries": true, "mode": "metro", "node_count": 38, "poi_lookup_loaded": true, "render_graph_modes": "all|bus|metro|rail|tram", "use_lcc": true, "viz_mode": "Geographic Mapbox"}
2026-04-03 02:33:03,287 | DEBUG | cspe.plot_mapbox | {"event": "paris_mask_loaded", "max_bounds": [[1.3862444999999999, 48.0601456], [3.6192208, 49.301431]], "source_file": "ile_de_france_admin_boundary.geojson", "zoom": 7.2}
2026-04-03 02:33:03,288 | DEBUG | cspe.plot_mapbox | {"center": {"lat": 48.8367861673856, "lon": 2.3544611953156984}, "event": "render_mapbox_payload_built", "graph_edges": 37, "graph_nodes": 38, "has_render_graph": true, "mode": "metro", "network_feature_count": 16, "path_debug": {"segments": [], "summary": {"heuristic_label": 0, "route_id": 0, "straight_fallback": 0}}, "path_feature_count": 0, "pitched_view": false, "poi_category_key": null, "poi_limit": 25, "poi_lookup_loaded": true, "poi_radius_m": 300.0, "render_graph_link_count": 776, "render_graph_node_count": 804, "show_3d_buildings": false, "station_feature_count": 804, "title": "Mode: metro (LCC)", "transfer_feature_count": 0, "zoom": 10.1}
2026-04-03 02:33:07,307 | DEBUG | cspe.app | {"event": "app_imported", "log_file": "C:\\Users\\LEGION\\Desktop\\CSPE\\logs\\cspe_debug.log"}
2026-04-03 02:33:07,312 | DEBUG | cspe.app | {"current_path_length": 0, "event": "ui_state", "mode": "metro", "poi_limit": 25, "poi_radius_m": 300, "use_lcc": true, "viz_mode": "Geographic Mapbox"}
2026-04-03 02:33:07,315 | DEBUG | cspe.app | {"env_name": "MAPBOX_TOKEN", "event": "mapbox_token_found"}
2026-04-03 02:33:07,316 | DEBUG | cspe.app | {"edge_count": 37, "event": "render_mapbox_start", "has_line_geometries": true, "mode": "metro", "node_count": 38, "poi_lookup_loaded": true, "render_graph_modes": "all|bus|metro|rail|tram", "use_lcc": true, "viz_mode": "Geographic Mapbox"}
2026-04-03 02:33:07,650 | DEBUG | cspe.plot_mapbox | {"event": "paris_mask_loaded", "max_bounds": [[1.3862444999999999, 48.0601456], [3.6192208, 49.301431]], "source_file": "ile_de_france_admin_boundary.geojson", "zoom": 7.2}
2026-04-03 02:33:07,650 | DEBUG | cspe.plot_mapbox | {"center": {"lat": 48.8367861673856, "lon": 2.3544611953156984}, "event": "render_mapbox_payload_built", "graph_edges": 37, "graph_nodes": 38, "has_render_graph": true, "mode": "metro", "network_feature_count": 16, "path_debug": {"segments": [], "summary": {"heuristic_label": 0, "route_id": 0, "straight_fallback": 0}}, "path_feature_count": 0, "pitched_view": false, "poi_category_key": null, "poi_limit": 25, "poi_lookup_loaded": true, "poi_radius_m": 300.0, "render_graph_link_count": 776, "render_graph_node_count": 804, "show_3d_buildings": false, "station_feature_count": 804, "title": "Mode: metro (LCC)", "transfer_feature_count": 0, "zoom": 10.1}
2026-04-03 02:39:33,381 | DEBUG | cspe.app | {"event": "app_imported", "log_file": "C:\\Users\\LEGION\\Desktop\\CSPE\\logs\\cspe_debug.log"}
2026-04-03 02:39:33,387 | DEBUG | cspe.app | {"current_path_length": 0, "event": "ui_state", "mode": "metro", "poi_limit": 25, "poi_radius_m": 300, "use_lcc": true, "viz_mode": "Geographic Mapbox"}
2026-04-03 02:39:33,391 | DEBUG | cspe.app | {"env_name": "MAPBOX_TOKEN", "event": "mapbox_token_found"}
2026-04-03 02:39:33,393 | DEBUG | cspe.app | {"edge_count": 37, "event": "render_mapbox_start", "has_line_geometries": true, "mode": "metro", "node_count": 38, "poi_lookup_loaded": true, "render_graph_modes": "all|bus|metro|rail|tram", "use_lcc": true, "viz_mode": "Geographic Mapbox"}
2026-04-03 02:39:33,729 | DEBUG | cspe.plot_mapbox | {"event": "paris_mask_loaded", "max_bounds": [[1.3862444999999999, 48.0601456], [3.6192208, 49.301431]], "source_file": "ile_de_france_admin_boundary.geojson", "zoom": 7.2}
2026-04-03 02:39:33,729 | DEBUG | cspe.plot_mapbox | {"center": {"lat": 48.8367861673856, "lon": 2.3544611953156984}, "event": "render_mapbox_payload_built", "graph_edges": 37, "graph_nodes": 38, "has_render_graph": true, "mode": "metro", "network_feature_count": 16, "path_debug": {"segments": [], "summary": {"heuristic_label": 0, "route_id": 0, "straight_fallback": 0}}, "path_feature_count": 0, "pitched_view": false, "poi_category_key": null, "poi_limit": 25, "poi_lookup_loaded": true, "poi_radius_m": 300.0, "render_graph_link_count": 776, "render_graph_node_count": 804, "show_3d_buildings": false, "station_feature_count": 804, "title": "Mode: metro (LCC)", "transfer_feature_count": 0, "zoom": 10.1}
